<?xml version="1.0" encoding="UTF-8"?>
<!-- Generated by org.testng.reporters.JUnitReportReporter -->
<testsuite hostname="DESKTOP-1QE3F38" failures="0" tests="6" name="demoqa.NewTest" time="22.344" errors="0" timestamp="2023-07-03T14:59:06 IST" skipped="0">
  <testcase classname="demoqa.NewTest" name="dropdwn" time="3.527"/>
  <system-out/>
  <testcase classname="demoqa.NewTest" name="alrt" time="3.898"/>
  <system-out/>
  <testcase classname="demoqa.NewTest" name="button" time="3.040"/>
  <system-out/>
  <testcase classname="demoqa.NewTest" name="edit" time="3.719"/>
  <system-out/>
  <testcase classname="demoqa.NewTest" name="drag" time="3.654"/>
  <system-out/>
  <testcase classname="demoqa.NewTest" name="frme" time="4.506"/>
  <system-out/>
</testsuite> <!-- demoqa.NewTest -->
